<?xml version="1.0" encoding="UTF-8"?>
<!-- Generated by org.testng.reporters.JUnitXMLReporter -->
<testsuite hostname="EPBYMINW2444" ignored="0" name="Default test" tests="7" failures="0" timestamp="13 Jun 2017 11:16:11 GMT" time="25.679" errors="0">
  <testcase name="openGmailTest" time="1.148" classname="by.epam.atmentoring.selenium1.GmailTest"/>
  <testcase name="logInTest" time="10.302" classname="by.epam.atmentoring.selenium1.GmailTest"/>
  <testcase name="createEmailTest" time="3.36" classname="by.epam.atmentoring.selenium1.GmailTest"/>
  <testcase name="saveAsDraftTest" time="2.336" classname="by.epam.atmentoring.selenium1.GmailTest"/>
  <testcase name="openDraftTest" time="0.387" classname="by.epam.atmentoring.selenium1.GmailTest"/>
  <testcase name="sendEmailTest" time="3.081" classname="by.epam.atmentoring.selenium1.GmailTest"/>
  <testcase name="logOutTest" time="1.705" classname="by.epam.atmentoring.selenium1.GmailTest"/>
</testsuite> <!-- Default test -->
